[18-May-2017 06:41:42 UTC] PHP Warning:  require_once(header.php): failed to open stream: No such file or directory in /home/ubuntu/workspace/sessions/register.php on line 2
[18-May-2017 06:41:42 UTC] PHP Stack trace:
[18-May-2017 06:41:42 UTC] PHP   1. {main}() /home/ubuntu/workspace/sessions/register.php:0
[18-May-2017 06:41:42 UTC] PHP Fatal error:  require_once(): Failed opening required 'header.php' (include_path='.:/usr/share/php:/usr/share/pear') in /home/ubuntu/workspace/sessions/register.php on line 2
[18-May-2017 06:41:42 UTC] PHP Stack trace:
[18-May-2017 06:41:42 UTC] PHP   1. {main}() /home/ubuntu/workspace/sessions/register.php:0
[18-May-2017 06:43:14 UTC] PHP Warning:  require_once(header.php): failed to open stream: No such file or directory in /home/ubuntu/workspace/sessions/register.php on line 2
[18-May-2017 06:43:14 UTC] PHP Stack trace:
[18-May-2017 06:43:14 UTC] PHP   1. {main}() /home/ubuntu/workspace/sessions/register.php:0
[18-May-2017 06:43:14 UTC] PHP Fatal error:  require_once(): Failed opening required 'header.php' (include_path='.:/usr/share/php:/usr/share/pear') in /home/ubuntu/workspace/sessions/register.php on line 2
[18-May-2017 06:43:14 UTC] PHP Stack trace:
[18-May-2017 06:43:14 UTC] PHP   1. {main}() /home/ubuntu/workspace/sessions/register.php:0
[18-May-2017 06:43:23 UTC] PHP Warning:  require_once(/header.php): failed to open stream: No such file or directory in /home/ubuntu/workspace/sessions/register.php on line 2
[18-May-2017 06:43:23 UTC] PHP Stack trace:
[18-May-2017 06:43:23 UTC] PHP   1. {main}() /home/ubuntu/workspace/sessions/register.php:0
[18-May-2017 06:43:23 UTC] PHP Fatal error:  require_once(): Failed opening required '/header.php' (include_path='.:/usr/share/php:/usr/share/pear') in /home/ubuntu/workspace/sessions/register.php on line 2
[18-May-2017 06:43:23 UTC] PHP Stack trace:
[18-May-2017 06:43:23 UTC] PHP   1. {main}() /home/ubuntu/workspace/sessions/register.php:0
[18-May-2017 06:43:32 UTC] PHP Warning:  require_once(./header.php): failed to open stream: No such file or directory in /home/ubuntu/workspace/sessions/register.php on line 2
[18-May-2017 06:43:32 UTC] PHP Stack trace:
[18-May-2017 06:43:32 UTC] PHP   1. {main}() /home/ubuntu/workspace/sessions/register.php:0
[18-May-2017 06:43:32 UTC] PHP Fatal error:  require_once(): Failed opening required './header.php' (include_path='.:/usr/share/php:/usr/share/pear') in /home/ubuntu/workspace/sessions/register.php on line 2
[18-May-2017 06:43:32 UTC] PHP Stack trace:
[18-May-2017 06:43:32 UTC] PHP   1. {main}() /home/ubuntu/workspace/sessions/register.php:0
